*** Using Compiler 'V5.06 update 5 (build 528)', folder: 'D:\Ceil5\ARM\ARMCC\Bin'
Build target 'Target 1'
compiling main.c...
.\Inc\OLED.h(10): warning:  #1295-D: Deprecated declaration OLED_NewFrame - give arg types
  void OLED_NewFrame(); 
.\Inc\OLED.h(11): warning:  #1295-D: Deprecated declaration OLED_ShowFrame - give arg types
  void OLED_ShowFrame();
.\Inc\HW504.h(4): warning:  #1295-D: Deprecated declaration HW504_Init - give arg types
  void HW504_Init();
.\Inc\HW504.h(5): warning:  #1295-D: Deprecated declaration HW504_R_SW - give arg types
  uint8_t HW504_R_SW();
.\Inc\HW504.h(6): warning:  #1295-D: Deprecated declaration HW504_R_X - give arg types
  u8 HW504_R_X();
.\Inc\HW504.h(7): warning:  #1295-D: Deprecated declaration HW504_R_Y - give arg types
  u8 HW504_R_Y();
Src\main.c(39): warning:  #167-D: argument of type "u8 *" is incompatible with parameter of type "char *"
  			OLED_PrintString(5,30,rxbuf,&font14x14,OLED_COLOR_NORMAL);
Src\main.c(47): warning:  #1-D: last line of file ends without a newline
   }
Src\main.c: 8 warnings, 0 errors
compiling OLED.c...
.\Inc\OLED.h(10): warning:  #1295-D: Deprecated declaration OLED_NewFrame - give arg types
  void OLED_NewFrame(); 
.\Inc\OLED.h(11): warning:  #1295-D: Deprecated declaration OLED_ShowFrame - give arg types
  void OLED_ShowFrame();
Hardware\OLED.c: 2 warnings, 0 errors
linking...
Program Size: Code=4264 RO-data=7172 RW-data=12 ZI-data=2820  
".\Objects\Project.axf" - 0 Error(s), 10 Warning(s).
Build Time Elapsed:  00:00:01
